<?xml version="1.0" encoding="UTF-8"?>
<!-- Generated by org.testng.reporters.JUnitXMLReporter -->
<testsuite hostname="DESKTOP-3KA80RE" ignored="0" name="Default test" tests="3" failures="0" timestamp="2020-01-09T14:05:11 IST" time="0.044" errors="0">
  <testcase name="add" time="0.009" classname="TestMaven.mavenTestDemo"/>
  <testcase name="mult" time="0.001" classname="TestMaven.mavenTestDemo"/>
  <testcase name="sub" time="0.001" classname="TestMaven.mavenTestDemo"/>
</testsuite> <!-- Default test -->
